C51 COMPILER V9.51   VOICE                                                                 05/08/2014 09:49:59 PAGE 1   


C51 COMPILER V9.51, COMPILATION OF MODULE VOICE
OBJECT MODULE PLACED IN voice.OBJ
COMPILER INVOKED BY: D:\Program Files (x86)\keil\C51\BIN\C51.EXE voice.c BROWSE DEBUG OBJECTEXTEND

line level    source

   1          /*---------------------------------------------------
   2                  voice.c (v1.00)
   3                  
   4                  include the voice function
   5          ---------------------------------------------------*/
   6          
   7          #include "main.h"
   8          #include "port.h"
   9          
  10          #include "voice.h"
  11          #include "Delay.h"
  12          #include "communication.h"
  13          
  14          /*------ private variable --------------------------*/
  15          tByte key_rotate_on_speech_number = 1;
  16             
  17          /*--------------------------------------------------
  18                  SC_Speech()
  19                  
  20                  control the voice IC, need which seg, so send how many pulses.
  21          ---------------------------------------------------*/
  22          
  23          void SC_Speech(tByte cnt)
  24                  {
  25   1              tByte i;
  26   1              SC_RST = 0;
  27   1              delay_ms(100);
  28   1              SC_RST = 1;
  29   1              delay_ms(150);
  30   1              for(i=0; i < cnt; i++)
  31   1                      {
  32   2                      SC_DATA = 1; 
  33   2                      delay_us(20);
  34   2                      SC_DATA = 0; 
  35   2                      delay_us(20);
  36   2                      }
  37   1              }
  38          
  39          /*--------------------------------------------------
  40                  SC_Speech2()
  41                  
  42                  control the voice IC, need which seg, so send how many pulses.
  43          
  44          void SC_Speech2(tByte cnt)
  45          {
  46                  tByte i;
  47                  SC_RST=0;
  48                  delay_ms(40);
  49                  SC_RST=1;
  50                  delay_ms(40);
  51                  for(i=0;i < cnt;i++)
  52                  {
  53                          SC_DATA=1; // 数据脉冲高
  54                          delay_us(350);
  55                          SC_DATA=0; // 数据脉冲低
C51 COMPILER V9.51   VOICE                                                                 05/08/2014 09:49:59 PAGE 2   

  56                          delay_us(350);
  57                  }
  58          }
  59          ---------------------------------------------------*/
  60          
  61          /*-------------------------------------------------
  62                  noVoice()
  63                  
  64                  在上电的时候调用，屏蔽语音的误报
  65          --------------------------------------------------*/
  66          
  67          void noVoice()
  68                  {
  69   1              P14=0;
  70   1              SC_DATA = 0;
  71   1              SC_RST = 0;
  72   1              delay_us(350); // 上电复位防止干扰发声
  73   1              SC_RST = 1;
  74   1              delay_us(350);
  75   1              P14 = 1;
  76   1              }
  77          
  78          /*----------------------------------------------------
  79                  key_rotate_on_speech()
  80                  speech for key rotated on
  81          -----------------------------------------------------*/
  82          void key_rotate_on_speech(void)
  83                  {
  84   1              switch(key_rotate_on_speech_number)
  85   1                      {
  86   2                      case 1:
  87   2                              {
  88   3                              voice_EN = 1;
  89   3                              SC_Speech(14);  
  90   3                              Delay(30);
  91   3                              SC_Speech(18);  
  92   3                              Delay(30);
  93   3                              SC_Speech(11);  
  94   3                              Delay(50);
  95   3                              voice_EN = 0;
  96   3               key_rotate_on_speech_number = 2;
  97   3                              }
  98   2                      break;
  99   2                      
 100   2                      case 2:
 101   2                              {
 102   3                              voice_EN = 1;
 103   3                              SC_Speech(14);  
 104   3                              Delay(25);
 105   3                              SC_Speech(12);  
 106   3                              Delay(50);
 107   3                              voice_EN = 0;
 108   3               key_rotate_on_speech_number = 1;                       
 109   3                              }
 110   2                      break;
 111   2                      }
 112   1              }
 113                  
 114          /*-----------------------------------------------------
 115                  key_rotate_off_speech()
 116                  speech for key rotated off
 117          void key_rotate_off_speech(void)
C51 COMPILER V9.51   VOICE                                                                 05/08/2014 09:49:59 PAGE 3   

 118                  {
 119                  voice_EN = 1;
 120                  SC_Speech(13);
 121                  Delay(40);
 122                  voice_EN = 0;
 123                  }
 124          ------------------------------------------------------*/
 125          
 126          /*----------------------------------------------------
 127                  motorBAT_low_speech()
 128                  电瓶电量低于最小限定值，语音提示。
 129          -----------------------------------------------------*/
 130          void motorBAT_low_speech(void)
 131                  {
 132   1              voice_EN = 1;
 133   1              SC_Speech(6);
 134   1              Delay(60);
 135   1              voice_EN = 0;
 136   1              }
 137          
 138          /*----------------------------------------------------
 139                  host_touch_speech()
 140                  第一次碰主机，会有一句提示语音
 141          --------------------------------------------------------*/
 142          void host_touch_speech(void)
 143                  {
 144   1              voice_EN = 1;
 145   1              SC_Speech(2);  
 146   1              Delay(60);
 147   1              voice_EN = 0;
 148   1              Delay(10);
 149   1              }
 150          
 151          /*-----------------------------------------------------
 152                  host_2ndtouch_speech()
 153                  第二次触碰主机，再报一个提示语音
 154          -------------------------------------------------------*/
 155          void host_2ndtouch_speech(void)
 156                  {
 157   1              voice_EN = 1;
 158   1              SC_Speech(27);  
 159   1              Delay(70);
 160   1              voice_EN = 0;
 161   1              Delay(30);
 162   1              }
 163                  
 164          /*----------------------------------------------------
 165                  stolen_alarm_speech()
 166                  判断为被盗的时候，发出报警语音第一段
 167          ----------------------------------------------------*/
 168          void stolen_alarm_speech1(void)
 169                  {
 170   1              voice_EN = 1;
 171   1              SC_Speech(3); 
 172   1              Delay(160);
 173   1              voice_EN = 0; 
 174   1              }
 175          
 176          /*----------------------------------------------------
 177                  stolen_alarm_speech()
 178                  判断为被盗的时候，发出报警语音第二段
 179          ----------------------------------------------------*/
C51 COMPILER V9.51   VOICE                                                                 05/08/2014 09:49:59 PAGE 4   

 180          void stolen_alarm_speech2(void)
 181                  {
 182   1              voice_EN = 1;
 183   1              SC_Speech(22); 
 184   1              Delay(160);
 185   1              voice_EN = 0;
 186   1              Delay(20);
 187   1              }
 188          
 189          /*----------------------------------------------------
 190                  slave_nearby_speech()
 191                  主机接到附机信号后，表明主机知道附机在附近，此时
 192                  报一段语音。
 193          -----------------------------------------------------*/
 194          void slave_nearby_speech(void)
 195                  {
 196   1              voice_EN=1;
 197   1              SC_Speech(23); 
 198   1              Delay(50);
 199   1              voice_EN=0;
 200   1              }
 201          
 202          /*----------------------------------------------------
 203                  slave_away_speech()
 204                  主机接不到附机信号后，表明主机认为附机离开了，此时
 205                  报一段语音
 206          -----------------------------------------------------*/
 207          void slave_away_speech(void)
 208                  {
 209   1              voice_EN = 1;
 210   1              // 车锁已锁上
 211   1              SC_Speech(24);  
 212   1              Delay(50);
 213   1              // 祝您平安返回
 214   1              SC_Speech(13);
 215   1              Delay(70);
 216   1              voice_EN = 0;
 217   1              }
 218          
 219          /*----------------------------------------------------
 220                  battery_stolen_speech()
 221                  主机检测到电平不在的时候，播报的语音
 222          -----------------------------------------------------*/
 223          void battery_stolen_speech(void)
 224                  {
 225   1              voice_EN = 1;
 226   1              SC_Speech(19);  
 227   1              Delay(80);
 228   1              voice_EN = 0;
 229   1              }
 230          
 231          /*---------------------------------------------------
 232                  end of file
 233          ----------------------------------------------------*/


MODULE INFORMATION:   STATIC OVERLAYABLE
   CODE SIZE        =    329    ----
   CONSTANT SIZE    =   ----    ----
   XDATA SIZE       =   ----    ----
   PDATA SIZE       =   ----    ----
   DATA SIZE        =      1       2
C51 COMPILER V9.51   VOICE                                                                 05/08/2014 09:49:59 PAGE 5   

   IDATA SIZE       =   ----    ----
   BIT SIZE         =   ----    ----
END OF MODULE INFORMATION.


C51 COMPILATION COMPLETE.  0 WARNING(S),  0 ERROR(S)
